<?xml version="1.0" encoding="UTF-8"?>
<!-- Generated by org.testng.reporters.JUnitXMLReporter -->
<testsuite ignored="0" hostname="DESKTOP-13RM4VM" failures="0" tests="5" name="Test" time="9.595" errors="0" timestamp="2022-10-20T23:51:23 PDT">
  <testcase classname="com.tekarch.tests.EndToEndTestcases" name="login_TC01" time="2.828"/>
  <testcase classname="com.tekarch.tests.EndToEndTestcases" name="create_TC02" time="0.373"/>
  <testcase classname="com.tekarch.tests.EndToEndTestcases" name="read_TC03" time="4.873"/>
  <testcase classname="com.tekarch.tests.EndToEndTestcases" name="update_TC04" time="0.361"/>
  <testcase classname="com.tekarch.tests.EndToEndTestcases" name="delete_TC05" time="0.427"/>
</testsuite> <!-- Test -->
