<?xml version="1.0" encoding="UTF-8"?>
<testng-results ignored="0" total="5" passed="5" failed="0" skipped="0">
  <reporter-output>
  </reporter-output>
  <suite started-at="2022-10-20T23:51:13 PDT" name="Suite" finished-at="2022-10-20T23:51:23 PDT" duration-ms="9595">
    <groups>
    </groups>
    <test started-at="2022-10-20T23:51:13 PDT" name="Test" finished-at="2022-10-20T23:51:23 PDT" duration-ms="9595">
      <class name="com.tekarch.tests.EndToEndTestcases">
        <test-method is-config="true" signature="setUp()[pri:0, instance:com.tekarch.tests.EndToEndTestcases@6d763516]" started-at="2022-10-20T23:51:13 PDT" name="setUp" finished-at="2022-10-20T23:51:14 PDT" duration-ms="561" status="PASS">
          <reporter-output>
          </reporter-output>
        </test-method> <!-- setUp -->
        <test-method signature="login_TC01()[pri:1, instance:com.tekarch.tests.EndToEndTestcases@6d763516]" started-at="2022-10-20T23:51:14 PDT" name="login_TC01" finished-at="2022-10-20T23:51:17 PDT" duration-ms="2828" status="PASS">
          <reporter-output>
          </reporter-output>
        </test-method> <!-- login_TC01 -->
        <test-method signature="create_TC02()[pri:2, instance:com.tekarch.tests.EndToEndTestcases@6d763516]" started-at="2022-10-20T23:51:17 PDT" name="create_TC02" finished-at="2022-10-20T23:51:17 PDT" duration-ms="373" status="PASS">
          <reporter-output>
          </reporter-output>
        </test-method> <!-- create_TC02 -->
        <test-method signature="read_TC03()[pri:3, instance:com.tekarch.tests.EndToEndTestcases@6d763516]" started-at="2022-10-20T23:51:17 PDT" name="read_TC03" finished-at="2022-10-20T23:51:22 PDT" duration-ms="4873" status="PASS">
          <reporter-output>
          </reporter-output>
        </test-method> <!-- read_TC03 -->
        <test-method signature="update_TC04()[pri:4, instance:com.tekarch.tests.EndToEndTestcases@6d763516]" started-at="2022-10-20T23:51:22 PDT" name="update_TC04" finished-at="2022-10-20T23:51:22 PDT" duration-ms="361" status="PASS">
          <reporter-output>
          </reporter-output>
        </test-method> <!-- update_TC04 -->
        <test-method signature="delete_TC05()[pri:5, instance:com.tekarch.tests.EndToEndTestcases@6d763516]" started-at="2022-10-20T23:51:22 PDT" name="delete_TC05" finished-at="2022-10-20T23:51:23 PDT" duration-ms="427" status="PASS">
          <reporter-output>
          </reporter-output>
        </test-method> <!-- delete_TC05 -->
      </class> <!-- com.tekarch.tests.EndToEndTestcases -->
    </test> <!-- Test -->
  </suite> <!-- Suite -->
</testng-results>
