<?xml version="1.0" encoding="UTF-8"?>
<!-- Generated by org.testng.reporters.JUnitXMLReporter -->
<testsuite ignored="0" hostname="DESKTOP-13RM4VM" failures="0" tests="5" name="Test" time="31.021" errors="0" timestamp="2022-10-26T21:07:29 PDT">
  <testcase classname="com.tekarch.tests.EndToEndTestcases" name="login_TC01" time="13.771"/>
  <testcase classname="com.tekarch.tests.EndToEndTestcases" name="create_TC02" time="2.956"/>
  <testcase classname="com.tekarch.tests.EndToEndTestcases" name="read_TC03" time="4.973"/>
  <testcase classname="com.tekarch.tests.EndToEndTestcases" name="update_TC04" time="2.466"/>
  <testcase classname="com.tekarch.tests.EndToEndTestcases" name="delete_TC05" time="5.539"/>
</testsuite> <!-- Test -->
