<?xml version="1.0" encoding="UTF-8"?>
<testng-results ignored="0" total="5" passed="5" failed="0" skipped="0">
  <reporter-output>
  </reporter-output>
  <suite started-at="2022-10-26T21:06:58 PDT" name="Suite" finished-at="2022-10-26T21:07:29 PDT" duration-ms="31021">
    <groups>
    </groups>
    <test started-at="2022-10-26T21:06:58 PDT" name="Test" finished-at="2022-10-26T21:07:29 PDT" duration-ms="31021">
      <class name="com.tekarch.tests.EndToEndTestcases">
        <test-method is-config="true" signature="setUp()[pri:0, instance:com.tekarch.tests.EndToEndTestcases@3c72f59f]" started-at="2022-10-26T21:06:58 PDT" name="setUp" finished-at="2022-10-26T21:06:59 PDT" duration-ms="1076" status="PASS">
          <reporter-output>
          </reporter-output>
        </test-method> <!-- setUp -->
        <test-method signature="login_TC01()[pri:1, instance:com.tekarch.tests.EndToEndTestcases@3c72f59f]" started-at="2022-10-26T21:06:59 PDT" name="login_TC01" finished-at="2022-10-26T21:07:13 PDT" duration-ms="13771" status="PASS">
          <reporter-output>
          </reporter-output>
        </test-method> <!-- login_TC01 -->
        <test-method signature="create_TC02()[pri:2, instance:com.tekarch.tests.EndToEndTestcases@3c72f59f]" started-at="2022-10-26T21:07:13 PDT" name="create_TC02" finished-at="2022-10-26T21:07:16 PDT" duration-ms="2956" status="PASS">
          <reporter-output>
          </reporter-output>
        </test-method> <!-- create_TC02 -->
        <test-method signature="read_TC03()[pri:3, instance:com.tekarch.tests.EndToEndTestcases@3c72f59f]" started-at="2022-10-26T21:07:16 PDT" name="read_TC03" finished-at="2022-10-26T21:07:21 PDT" duration-ms="4973" status="PASS">
          <reporter-output>
          </reporter-output>
        </test-method> <!-- read_TC03 -->
        <test-method signature="update_TC04()[pri:4, instance:com.tekarch.tests.EndToEndTestcases@3c72f59f]" started-at="2022-10-26T21:07:21 PDT" name="update_TC04" finished-at="2022-10-26T21:07:23 PDT" duration-ms="2466" status="PASS">
          <reporter-output>
          </reporter-output>
        </test-method> <!-- update_TC04 -->
        <test-method signature="delete_TC05()[pri:5, instance:com.tekarch.tests.EndToEndTestcases@3c72f59f]" started-at="2022-10-26T21:07:23 PDT" name="delete_TC05" finished-at="2022-10-26T21:07:29 PDT" duration-ms="5539" status="PASS">
          <reporter-output>
          </reporter-output>
        </test-method> <!-- delete_TC05 -->
      </class> <!-- com.tekarch.tests.EndToEndTestcases -->
    </test> <!-- Test -->
  </suite> <!-- Suite -->
</testng-results>
