<?xml version="1.0" encoding="UTF-8"?>
<!-- Generated by org.testng.reporters.JUnitXMLReporter -->
<testsuite ignored="0" hostname="DESKTOP-13RM4VM" failures="0" tests="5" name="Default test" time="17.206" errors="0" timestamp="2022-10-19T03:04:17 PDT">
  <testcase classname="com.tekarch.tests.EndToEndTestcases" name="login_TC01" time="4.591"/>
  <testcase classname="com.tekarch.tests.EndToEndTestcases" name="create_TC02" time="0.452"/>
  <testcase classname="com.tekarch.tests.EndToEndTestcases" name="read_TC03" time="9.815"/>
  <testcase classname="com.tekarch.tests.EndToEndTestcases" name="update_TC04" time="0.343"/>
  <testcase classname="com.tekarch.tests.EndToEndTestcases" name="delete_TC05" time="1.205"/>
</testsuite> <!-- Default test -->
